{"C:\\Projs\\BrightCarbonNotes\\server\\src\\app.ts": {"path":"C:\\Projs\\BrightCarbonNotes\\server\\src\\app.ts","statementMap":{"0":{"start":{"line":1,"column":0},"end":{"line":1,"column":47}},"1":{"start":{"line":2,"column":0},"end":{"line":2,"column":24}},"2":{"start":{"line":3,"column":0},"end":{"line":3,"column":28}},"3":{"start":{"line":4,"column":0},"end":{"line":4,"column":28}},"4":{"start":{"line":5,"column":0},"end":{"line":5,"column":47}},"5":{"start":{"line":6,"column":0},"end":{"line":6,"column":43}},"6":{"start":{"line":7,"column":0},"end":{"line":7,"column":72}},"7":{"start":{"line":9,"column":0},"end":{"line":9,"column":48}},"8":{"start":{"line":10,"column":0},"end":{"line":10,"column":43}},"9":{"start":{"line":11,"column":0},"end":{"line":11,"column":26}},"10":{"start":{"line":12,"column":24},"end":{"line":12,"column":55}},"11":{"start":{"line":14,"column":25},"end":{"line":14,"column":34}},"12":{"start":{"line":16,"column":0},"end":{"line":16,"column":16}},"13":{"start":{"line":17,"column":0},"end":{"line":17,"column":40}},"14":{"start":{"line":18,"column":0},"end":{"line":18,"column":16}},"15":{"start":{"line":19,"column":0},"end":{"line":19,"column":18}},"16":{"start":{"line":20,"column":0},"end":{"line":20,"column":23}},"17":{"start":{"line":23,"column":0},"end":{"line":23,"column":72}},"18":{"start":{"line":24,"column":26},"end":{"line":24,"column":59}},"19":{"start":{"line":26,"column":0},"end":{"line":31,"column":3}},"20":{"start":{"line":27,"column":2},"end":{"line":29,"column":3}},"21":{"start":{"line":27,"column":40},"end":{"line":27,"column":73}},"22":{"start":{"line":28,"column":4},"end":{"line":28,"column":18}},"23":{"start":{"line":30,"column":2},"end":{"line":30,"column":30}},"24":{"start":{"line":33,"column":20},"end":{"line":37,"column":2}},"25":{"start":{"line":39,"column":23},"end":{"line":43,"column":2}},"26":{"start":{"line":45,"column":0},"end":{"line":45,"column":42}},"27":{"start":{"line":46,"column":0},"end":{"line":46,"column":46}},"28":{"start":{"line":47,"column":0},"end":{"line":47,"column":59}},"29":{"start":{"line":49,"column":0},"end":{"line":49,"column":19}}},"fnMap":{"0":{"name":"(anonymous_1)","decl":{"start":{"line":26,"column":8},"end":{"line":26,"column":9}},"loc":{"start":{"line":26,"column":27},"end":{"line":31,"column":1}}},"1":{"name":"(anonymous_2)","decl":{"start":{"line":27,"column":29},"end":{"line":27,"column":30}},"loc":{"start":{"line":27,"column":40},"end":{"line":27,"column":73}}}},"branchMap":{"0":{"loc":{"start":{"line":27,"column":2},"end":{"line":29,"column":3}},"type":"if","locations":[{"start":{"line":27,"column":2},"end":{"line":29,"column":3}}]}},"s":{"0":0,"1":0,"2":0,"3":0,"4":0,"5":0,"6":0,"7":0,"8":0,"9":0,"10":0,"11":0,"12":0,"13":0,"14":0,"15":0,"16":0,"17":0,"18":0,"19":0,"20":0,"21":0,"22":0,"23":0,"24":0,"25":0,"26":0,"27":0,"28":0,"29":0},"f":{"0":0,"1":0},"b":{"0":[0]}}
,"C:\\Projs\\BrightCarbonNotes\\server\\src\\server.ts": {"path":"C:\\Projs\\BrightCarbonNotes\\server\\src\\server.ts","statementMap":{"0":{"start":{"line":1,"column":0},"end":{"line":1,"column":28}},"1":{"start":{"line":2,"column":0},"end":{"line":2,"column":24}},"2":{"start":{"line":3,"column":0},"end":{"line":3,"column":43}},"3":{"start":{"line":5,"column":0},"end":{"line":5,"column":16}},"4":{"start":{"line":7,"column":13},"end":{"line":7,"column":37}},"5":{"start":{"line":9,"column":20},"end":{"line":19,"column":2}},"6":{"start":{"line":9,"column":31},"end":{"line":19,"column":2}},"7":{"start":{"line":10,"column":2},"end":{"line":18,"column":3}},"8":{"start":{"line":11,"column":4},"end":{"line":11,"column":36}},"9":{"start":{"line":12,"column":4},"end":{"line":14,"column":7}},"10":{"start":{"line":13,"column":6},"end":{"line":13,"column":55}},"11":{"start":{"line":16,"column":4},"end":{"line":16,"column":55}},"12":{"start":{"line":17,"column":4},"end":{"line":17,"column":20}},"13":{"start":{"line":21,"column":0},"end":{"line":21,"column":14}}},"fnMap":{"0":{"name":"(anonymous_8)","decl":{"start":{"line":9,"column":20},"end":{"line":9,"column":29}},"loc":{"start":{"line":9,"column":31},"end":{"line":19,"column":2}}},"1":{"name":"(anonymous_9)","decl":{"start":{"line":9,"column":31},"end":{"line":9,"column":null}},"loc":{"start":{"line":9,"column":31},"end":{"line":19,"column":1}}},"2":{"name":"(anonymous_10)","decl":{"start":{"line":12,"column":21},"end":{"line":12,"column":24}},"loc":{"start":{"line":12,"column":26},"end":{"line":14,"column":5}}}},"branchMap":{"0":{"loc":{"start":{"line":7,"column":13},"end":{"line":7,"column":37}},"type":"binary-expr","locations":[{"start":{"line":7,"column":13},"end":{"line":7,"column":29}},{"start":{"line":7,"column":33},"end":{"line":7,"column":37}}]}},"s":{"0":0,"1":0,"2":0,"3":0,"4":0,"5":0,"6":0,"7":0,"8":0,"9":0,"10":0,"11":0,"12":0,"13":0},"f":{"0":0,"1":0,"2":0},"b":{"0":[0,0]}}
,"C:\\Projs\\BrightCarbonNotes\\server\\src\\config\\index.ts": {"path":"C:\\Projs\\BrightCarbonNotes\\server\\src\\config\\index.ts","statementMap":{"0":{"start":{"line":1,"column":0},"end":{"line":1,"column":35}}},"fnMap":{},"branchMap":{},"s":{"0":1},"f":{},"b":{}}
,"C:\\Projs\\BrightCarbonNotes\\server\\src\\config\\mongo-connection.ts": {"path":"C:\\Projs\\BrightCarbonNotes\\server\\src\\config\\mongo-connection.ts","statementMap":{"0":{"start":{"line":1,"column":0},"end":{"line":1,"column":32}},"1":{"start":{"line":9,"column":4},"end":{"line":11,"column":5}},"2":{"start":{"line":10,"column":6},"end":{"line":10,"column":55}},"3":{"start":{"line":12,"column":4},"end":{"line":12,"column":36}},"4":{"start":{"line":17,"column":4},"end":{"line":26,"column":5}},"5":{"start":{"line":18,"column":6},"end":{"line":22,"column":7}},"6":{"start":{"line":19,"column":26},"end":{"line":19,"column":53}},"7":{"start":{"line":20,"column":8},"end":{"line":20,"column":46}},"8":{"start":{"line":21,"column":8},"end":{"line":21,"column":44}},"9":{"start":{"line":24,"column":6},"end":{"line":24,"column":56}},"10":{"start":{"line":25,"column":6},"end":{"line":25,"column":51}},"11":{"start":{"line":30,"column":13},"end":{"line":30,"column":61}}},"fnMap":{"0":{"name":"(anonymous_8)","decl":{"start":{"line":5,"column":2},"end":{"line":5,"column":25}},"loc":{"start":{"line":5,"column":2},"end":{"line":5,"column":26}}},"1":{"name":"(anonymous_9)","decl":{"start":{"line":8,"column":2},"end":{"line":8,"column":8}},"loc":{"start":{"line":8,"column":20},"end":{"line":13,"column":3}}},"2":{"name":"(anonymous_10)","decl":{"start":{"line":16,"column":15},"end":{"line":16,"column":22}},"loc":{"start":{"line":16,"column":22},"end":{"line":27,"column":null}}}},"branchMap":{"0":{"loc":{"start":{"line":9,"column":4},"end":{"line":11,"column":5}},"type":"if","locations":[{"start":{"line":9,"column":4},"end":{"line":11,"column":5}}]},"1":{"loc":{"start":{"line":18,"column":6},"end":{"line":22,"column":7}},"type":"if","locations":[{"start":{"line":18,"column":6},"end":{"line":22,"column":7}}]},"2":{"loc":{"start":{"line":19,"column":26},"end":{"line":19,"column":53}},"type":"binary-expr","locations":[{"start":{"line":19,"column":26},"end":{"line":19,"column":47}},{"start":{"line":19,"column":51},"end":{"line":19,"column":53}}]}},"s":{"0":1,"1":1,"2":1,"3":1,"4":2,"5":2,"6":1,"7":1,"8":1,"9":0,"10":0,"11":1},"f":{"0":1,"1":1,"2":2},"b":{"0":[1],"1":[1],"2":[1,0]}}
,"C:\\Projs\\BrightCarbonNotes\\server\\src\\controllers\\auth.controller.ts": {"path":"C:\\Projs\\BrightCarbonNotes\\server\\src\\controllers\\auth.controller.ts","statementMap":{"0":{"start":{"line":2,"column":0},"end":{"line":2,"column":33}},"1":{"start":{"line":3,"column":0},"end":{"line":3,"column":39}},"2":{"start":{"line":4,"column":0},"end":{"line":4,"column":28}},"3":{"start":{"line":5,"column":0},"end":{"line":5,"column":31}},"4":{"start":{"line":7,"column":19},"end":{"line":7,"column":69}},"5":{"start":{"line":8,"column":20},"end":{"line":8,"column":22}},"6":{"start":{"line":10,"column":13},"end":{"line":58,"column":2}},"7":{"start":{"line":12,"column":4},"end":{"line":23,"column":5}},"8":{"start":{"line":13,"column":44},"end":{"line":13,"column":52}},"9":{"start":{"line":15,"column":27},"end":{"line":15,"column":67}},"10":{"start":{"line":17,"column":19},"end":{"line":17,"column":62}},"11":{"start":{"line":18,"column":6},"end":{"line":18,"column":24}},"12":{"start":{"line":20,"column":6},"end":{"line":20,"column":78}},"13":{"start":{"line":22,"column":6},"end":{"line":22,"column":30}},"14":{"start":{"line":27,"column":4},"end":{"line":56,"column":5}},"15":{"start":{"line":28,"column":34},"end":{"line":28,"column":42}},"16":{"start":{"line":30,"column":19},"end":{"line":30,"column":48}},"17":{"start":{"line":31,"column":6},"end":{"line":34,"column":7}},"18":{"start":{"line":32,"column":8},"end":{"line":32,"column":69}},"19":{"start":{"line":33,"column":8},"end":{"line":33,"column":15}},"20":{"start":{"line":36,"column":22},"end":{"line":36,"column":71}},"21":{"start":{"line":37,"column":6},"end":{"line":40,"column":7}},"22":{"start":{"line":38,"column":8},"end":{"line":38,"column":69}},"23":{"start":{"line":39,"column":8},"end":{"line":39,"column":15}},"24":{"start":{"line":42,"column":20},"end":{"line":47,"column":null}},"25":{"start":{"line":50,"column":6},"end":{"line":53,"column":9}},"26":{"start":{"line":55,"column":6},"end":{"line":55,"column":30}}},"fnMap":{"0":{"name":"(anonymous_8)","decl":{"start":{"line":11,"column":8},"end":{"line":11,"column":16}},"loc":{"start":{"line":11,"column":44},"end":{"line":24,"column":null}}},"1":{"name":"(anonymous_10)","decl":{"start":{"line":26,"column":8},"end":{"line":26,"column":13}},"loc":{"start":{"line":26,"column":41},"end":{"line":57,"column":null}}}},"branchMap":{"0":{"loc":{"start":{"line":7,"column":19},"end":{"line":7,"column":69}},"type":"binary-expr","locations":[{"start":{"line":7,"column":19},"end":{"line":7,"column":41}},{"start":{"line":7,"column":45},"end":{"line":7,"column":69}}]},"1":{"loc":{"start":{"line":31,"column":6},"end":{"line":34,"column":7}},"type":"if","locations":[{"start":{"line":31,"column":6},"end":{"line":34,"column":7}}]},"2":{"loc":{"start":{"line":37,"column":6},"end":{"line":40,"column":7}},"type":"if","locations":[{"start":{"line":37,"column":6},"end":{"line":40,"column":7}}]}},"s":{"0":6,"1":6,"2":6,"3":6,"4":6,"5":6,"6":6,"7":2,"8":2,"9":2,"10":2,"11":2,"12":1,"13":1,"14":3,"15":3,"16":3,"17":2,"18":1,"19":1,"20":1,"21":1,"22":0,"23":0,"24":1,"25":1,"26":1},"f":{"0":2,"1":3},"b":{"0":[6,6],"1":[1],"2":[0]}}
,"C:\\Projs\\BrightCarbonNotes\\server\\src\\controllers\\index.ts": {"path":"C:\\Projs\\BrightCarbonNotes\\server\\src\\controllers\\index.ts","statementMap":{"0":{"start":{"line":1,"column":0},"end":{"line":1,"column":9}},"1":{"start":{"line":1,"column":9},"end":{"line":1,"column":51}},"2":{"start":{"line":2,"column":0},"end":{"line":2,"column":9}},"3":{"start":{"line":2,"column":9},"end":{"line":2,"column":51}},"4":{"start":{"line":3,"column":0},"end":{"line":3,"column":9}},"5":{"start":{"line":3,"column":9},"end":{"line":3,"column":72}}},"fnMap":{"0":{"name":"(anonymous_0)","decl":{"start":{"line":1,"column":9},"end":{"line":1,"column":23}},"loc":{"start":{"line":1,"column":9},"end":{"line":1,"column":51}}},"1":{"name":"(anonymous_1)","decl":{"start":{"line":2,"column":9},"end":{"line":2,"column":23}},"loc":{"start":{"line":2,"column":9},"end":{"line":2,"column":51}}},"2":{"name":"(anonymous_2)","decl":{"start":{"line":3,"column":9},"end":{"line":3,"column":33}},"loc":{"start":{"line":3,"column":9},"end":{"line":3,"column":72}}}},"branchMap":{},"s":{"0":6,"1":38,"2":6,"3":17,"4":6,"5":25},"f":{"0":32,"1":11,"2":19},"b":{}}
,"C:\\Projs\\BrightCarbonNotes\\server\\src\\controllers\\note.controller.ts": {"path":"C:\\Projs\\BrightCarbonNotes\\server\\src\\controllers\\note.controller.ts","statementMap":{"0":{"start":{"line":2,"column":0},"end":{"line":2,"column":55}},"1":{"start":{"line":3,"column":0},"end":{"line":3,"column":39}},"2":{"start":{"line":6,"column":13},"end":{"line":163,"column":2}},"3":{"start":{"line":11,"column":4},"end":{"line":16,"column":5}},"4":{"start":{"line":12,"column":20},"end":{"line":12,"column":65}},"5":{"start":{"line":13,"column":6},"end":{"line":13,"column":29}},"6":{"start":{"line":15,"column":6},"end":{"line":15,"column":37}},"7":{"start":{"line":23,"column":4},"end":{"line":40,"column":5}},"8":{"start":{"line":24,"column":19},"end":{"line":27,"column":29}},"9":{"start":{"line":29,"column":6},"end":{"line":31,"column":7}},"10":{"start":{"line":30,"column":8},"end":{"line":30,"column":65}},"11":{"start":{"line":33,"column":6},"end":{"line":35,"column":7}},"12":{"start":{"line":34,"column":8},"end":{"line":34,"column":63}},"13":{"start":{"line":37,"column":6},"end":{"line":37,"column":28}},"14":{"start":{"line":39,"column":6},"end":{"line":39,"column":37}},"15":{"start":{"line":47,"column":4},"end":{"line":61,"column":5}},"16":{"start":{"line":48,"column":6},"end":{"line":50,"column":7}},"17":{"start":{"line":49,"column":8},"end":{"line":49,"column":63}},"18":{"start":{"line":51,"column":19},"end":{"line":51,"column":55}},"19":{"start":{"line":52,"column":6},"end":{"line":54,"column":7}},"20":{"start":{"line":53,"column":8},"end":{"line":53,"column":65}},"21":{"start":{"line":55,"column":39},"end":{"line":55,"column":47}},"22":{"start":{"line":56,"column":19},"end":{"line":56,"column":71}},"23":{"start":{"line":57,"column":6},"end":{"line":57,"column":24}},"24":{"start":{"line":58,"column":6},"end":{"line":58,"column":40}},"25":{"start":{"line":60,"column":6},"end":{"line":60,"column":37}},"26":{"start":{"line":68,"column":4},"end":{"line":113,"column":5}},"27":{"start":{"line":69,"column":19},"end":{"line":69,"column":60}},"28":{"start":{"line":71,"column":6},"end":{"line":73,"column":7}},"29":{"start":{"line":72,"column":8},"end":{"line":72,"column":65}},"30":{"start":{"line":75,"column":51},"end":{"line":75,"column":59}},"31":{"start":{"line":76,"column":23},"end":{"line":82,"column":null}},"32":{"start":{"line":85,"column":6},"end":{"line":88,"column":9}},"33":{"start":{"line":90,"column":22},"end":{"line":96,"column":8}},"34":{"start":{"line":97,"column":6},"end":{"line":97,"column":27}},"35":{"start":{"line":99,"column":27},"end":{"line":101,"column":8}},"36":{"start":{"line":102,"column":6},"end":{"line":108,"column":7}},"37":{"start":{"line":103,"column":31},"end":{"line":105,"column":35}},"38":{"start":{"line":106,"column":33},"end":{"line":106,"column":65}},"39":{"start":{"line":106,"column":59},"end":{"line":106,"column":64}},"40":{"start":{"line":107,"column":8},"end":{"line":107,"column":76}},"41":{"start":{"line":110,"column":6},"end":{"line":110,"column":35}},"42":{"start":{"line":112,"column":6},"end":{"line":112,"column":37}},"43":{"start":{"line":120,"column":4},"end":{"line":136,"column":5}},"44":{"start":{"line":121,"column":19},"end":{"line":124,"column":8}},"45":{"start":{"line":126,"column":6},"end":{"line":128,"column":7}},"46":{"start":{"line":127,"column":8},"end":{"line":127,"column":79}},"47":{"start":{"line":130,"column":6},"end":{"line":130,"column":51}},"48":{"start":{"line":131,"column":6},"end":{"line":131,"column":65}},"49":{"start":{"line":133,"column":6},"end":{"line":133,"column":76}},"50":{"start":{"line":135,"column":6},"end":{"line":135,"column":37}},"51":{"start":{"line":143,"column":4},"end":{"line":161,"column":5}},"52":{"start":{"line":144,"column":19},"end":{"line":147,"column":8}},"53":{"start":{"line":149,"column":6},"end":{"line":151,"column":7}},"54":{"start":{"line":150,"column":8},"end":{"line":150,"column":79}},"55":{"start":{"line":153,"column":6},"end":{"line":153,"column":29}},"56":{"start":{"line":154,"column":6},"end":{"line":154,"column":24}},"57":{"start":{"line":156,"column":6},"end":{"line":158,"column":63}},"58":{"start":{"line":160,"column":6},"end":{"line":160,"column":37}}},"fnMap":{"0":{"name":"(anonymous_7)","decl":{"start":{"line":7,"column":8},"end":{"line":7,"column":19}},"loc":{"start":{"line":9,"column":17},"end":{"line":17,"column":null}}},"1":{"name":"(anonymous_9)","decl":{"start":{"line":19,"column":8},"end":{"line":19,"column":19}},"loc":{"start":{"line":21,"column":17},"end":{"line":41,"column":null}}},"2":{"name":"(anonymous_11)","decl":{"start":{"line":43,"column":8},"end":{"line":43,"column":18}},"loc":{"start":{"line":45,"column":17},"end":{"line":62,"column":null}}},"3":{"name":"(anonymous_13)","decl":{"start":{"line":64,"column":8},"end":{"line":64,"column":18}},"loc":{"start":{"line":66,"column":17},"end":{"line":114,"column":null}}},"4":{"name":"(anonymous_15)","decl":{"start":{"line":106,"column":52},"end":{"line":106,"column":53}},"loc":{"start":{"line":106,"column":59},"end":{"line":106,"column":64}}},"5":{"name":"(anonymous_16)","decl":{"start":{"line":116,"column":8},"end":{"line":116,"column":18}},"loc":{"start":{"line":118,"column":17},"end":{"line":137,"column":null}}},"6":{"name":"(anonymous_18)","decl":{"start":{"line":139,"column":8},"end":{"line":139,"column":19}},"loc":{"start":{"line":141,"column":17},"end":{"line":162,"column":null}}}},"branchMap":{"0":{"loc":{"start":{"line":12,"column":46},"end":{"line":12,"column":62}},"type":"cond-expr","locations":[{"start":{"line":12,"column":54},"end":{"line":12,"column":56}},{"start":{"line":12,"column":54},"end":{"line":12,"column":62}}]},"1":{"loc":{"start":{"line":12,"column":46},"end":{"line":12,"column":56}},"type":"binary-expr","locations":[{"start":{"line":12,"column":46},"end":{"line":12,"column":56}},{"start":{"line":12,"column":54},"end":{"line":12,"column":56}}]},"2":{"loc":{"start":{"line":26,"column":16},"end":{"line":26,"column":32}},"type":"cond-expr","locations":[{"start":{"line":26,"column":24},"end":{"line":26,"column":26}},{"start":{"line":26,"column":24},"end":{"line":26,"column":32}}]},"3":{"loc":{"start":{"line":26,"column":16},"end":{"line":26,"column":26}},"type":"binary-expr","locations":[{"start":{"line":26,"column":16},"end":{"line":26,"column":26}},{"start":{"line":26,"column":24},"end":{"line":26,"column":26}}]},"4":{"loc":{"start":{"line":29,"column":6},"end":{"line":31,"column":7}},"type":"if","locations":[{"start":{"line":29,"column":6},"end":{"line":31,"column":7}}]},"5":{"loc":{"start":{"line":33,"column":6},"end":{"line":35,"column":7}},"type":"if","locations":[{"start":{"line":33,"column":6},"end":{"line":35,"column":7}}]},"6":{"loc":{"start":{"line":33,"column":10},"end":{"line":33,"column":26}},"type":"cond-expr","locations":[{"start":{"line":33,"column":18},"end":{"line":33,"column":20}},{"start":{"line":33,"column":18},"end":{"line":33,"column":26}}]},"7":{"loc":{"start":{"line":33,"column":10},"end":{"line":33,"column":20}},"type":"binary-expr","locations":[{"start":{"line":33,"column":10},"end":{"line":33,"column":20}},{"start":{"line":33,"column":18},"end":{"line":33,"column":20}}]},"8":{"loc":{"start":{"line":48,"column":6},"end":{"line":50,"column":7}},"type":"if","locations":[{"start":{"line":48,"column":6},"end":{"line":50,"column":7}}]},"9":{"loc":{"start":{"line":52,"column":6},"end":{"line":54,"column":7}},"type":"if","locations":[{"start":{"line":52,"column":6},"end":{"line":54,"column":7}}]},"10":{"loc":{"start":{"line":71,"column":6},"end":{"line":73,"column":7}},"type":"if","locations":[{"start":{"line":71,"column":6},"end":{"line":73,"column":7}}]},"11":{"loc":{"start":{"line":78,"column":15},"end":{"line":78,"column":34}},"type":"cond-expr","locations":[{"start":{"line":78,"column":15},"end":{"line":78,"column":20}},{"start":{"line":78,"column":24},"end":{"line":78,"column":34}}]},"12":{"loc":{"start":{"line":78,"column":15},"end":{"line":78,"column":24}},"type":"binary-expr","locations":[{"start":{"line":78,"column":15},"end":{"line":78,"column":24}},{"start":{"line":78,"column":15},"end":{"line":78,"column":24}}]},"13":{"loc":{"start":{"line":79,"column":17},"end":{"line":79,"column":40}},"type":"cond-expr","locations":[{"start":{"line":79,"column":17},"end":{"line":79,"column":24}},{"start":{"line":79,"column":28},"end":{"line":79,"column":40}}]},"14":{"loc":{"start":{"line":79,"column":17},"end":{"line":79,"column":28}},"type":"binary-expr","locations":[{"start":{"line":79,"column":17},"end":{"line":79,"column":28}},{"start":{"line":79,"column":17},"end":{"line":79,"column":28}}]},"15":{"loc":{"start":{"line":80,"column":14},"end":{"line":80,"column":31}},"type":"cond-expr","locations":[{"start":{"line":80,"column":14},"end":{"line":80,"column":18}},{"start":{"line":80,"column":22},"end":{"line":80,"column":31}}]},"16":{"loc":{"start":{"line":80,"column":14},"end":{"line":80,"column":22}},"type":"binary-expr","locations":[{"start":{"line":80,"column":14},"end":{"line":80,"column":22}},{"start":{"line":80,"column":14},"end":{"line":80,"column":22}}]},"17":{"loc":{"start":{"line":81,"column":20},"end":{"line":81,"column":49}},"type":"cond-expr","locations":[{"start":{"line":81,"column":20},"end":{"line":81,"column":30}},{"start":{"line":81,"column":34},"end":{"line":81,"column":49}}]},"18":{"loc":{"start":{"line":81,"column":20},"end":{"line":81,"column":34}},"type":"binary-expr","locations":[{"start":{"line":81,"column":20},"end":{"line":81,"column":34}},{"start":{"line":81,"column":20},"end":{"line":81,"column":34}}]},"19":{"loc":{"start":{"line":102,"column":6},"end":{"line":108,"column":7}},"type":"if","locations":[{"start":{"line":102,"column":6},"end":{"line":108,"column":7}}]},"20":{"loc":{"start":{"line":123,"column":16},"end":{"line":123,"column":32}},"type":"cond-expr","locations":[{"start":{"line":123,"column":24},"end":{"line":123,"column":26}},{"start":{"line":123,"column":24},"end":{"line":123,"column":32}}]},"21":{"loc":{"start":{"line":123,"column":16},"end":{"line":123,"column":26}},"type":"binary-expr","locations":[{"start":{"line":123,"column":16},"end":{"line":123,"column":26}},{"start":{"line":123,"column":24},"end":{"line":123,"column":26}}]},"22":{"loc":{"start":{"line":126,"column":6},"end":{"line":128,"column":7}},"type":"if","locations":[{"start":{"line":126,"column":6},"end":{"line":128,"column":7}}]},"23":{"loc":{"start":{"line":146,"column":16},"end":{"line":146,"column":32}},"type":"cond-expr","locations":[{"start":{"line":146,"column":24},"end":{"line":146,"column":26}},{"start":{"line":146,"column":24},"end":{"line":146,"column":32}}]},"24":{"loc":{"start":{"line":146,"column":16},"end":{"line":146,"column":26}},"type":"binary-expr","locations":[{"start":{"line":146,"column":16},"end":{"line":146,"column":26}},{"start":{"line":146,"column":24},"end":{"line":146,"column":26}}]},"25":{"loc":{"start":{"line":149,"column":6},"end":{"line":151,"column":7}},"type":"if","locations":[{"start":{"line":149,"column":6},"end":{"line":151,"column":7}}]}},"s":{"0":6,"1":6,"2":6,"3":2,"4":2,"5":1,"6":1,"7":2,"8":2,"9":2,"10":1,"11":1,"12":0,"13":1,"14":0,"15":2,"16":2,"17":1,"18":1,"19":1,"20":0,"21":1,"22":1,"23":1,"24":1,"25":0,"26":3,"27":3,"28":2,"29":1,"30":1,"31":1,"32":1,"33":1,"34":1,"35":1,"36":1,"37":0,"38":0,"39":0,"40":0,"41":1,"42":1,"43":2,"44":2,"45":2,"46":1,"47":1,"48":1,"49":1,"50":0,"51":3,"52":3,"53":2,"54":1,"55":1,"56":1,"57":1,"58":1},"f":{"0":2,"1":2,"2":2,"3":3,"4":0,"5":2,"6":3},"b":{"0":[0,2],"1":[2,2],"2":[0,2],"3":[2,2],"4":[1],"5":[0],"6":[0,1],"7":[1,1],"8":[1],"9":[0],"10":[1],"11":[1,0],"12":[1,1],"13":[1,0],"14":[1,1],"15":[0,1],"16":[1,1],"17":[0,1],"18":[1,1],"19":[0],"20":[0,2],"21":[2,2],"22":[1],"23":[0,3],"24":[3,3],"25":[1]}}
,"C:\\Projs\\BrightCarbonNotes\\server\\src\\controllers\\version-history.controller.ts": {"path":"C:\\Projs\\BrightCarbonNotes\\server\\src\\controllers\\version-history.controller.ts","statementMap":{"0":{"start":{"line":2,"column":0},"end":{"line":2,"column":49}},"1":{"start":{"line":3,"column":0},"end":{"line":3,"column":39}},"2":{"start":{"line":6,"column":13},"end":{"line":85,"column":2}},"3":{"start":{"line":11,"column":4},"end":{"line":23,"column":5}},"4":{"start":{"line":12,"column":23},"end":{"line":12,"column":79}},"5":{"start":{"line":14,"column":6},"end":{"line":18,"column":7}},"6":{"start":{"line":15,"column":8},"end":{"line":17,"column":71}},"7":{"start":{"line":20,"column":6},"end":{"line":20,"column":32}},"8":{"start":{"line":22,"column":6},"end":{"line":22,"column":37}},"9":{"start":{"line":30,"column":4},"end":{"line":62,"column":5}},"10":{"start":{"line":31,"column":22},"end":{"line":33,"column":14}},"11":{"start":{"line":35,"column":6},"end":{"line":37,"column":7}},"12":{"start":{"line":36,"column":8},"end":{"line":36,"column":68}},"13":{"start":{"line":39,"column":19},"end":{"line":42,"column":8}},"14":{"start":{"line":44,"column":6},"end":{"line":46,"column":7}},"15":{"start":{"line":45,"column":8},"end":{"line":45,"column":79}},"16":{"start":{"line":48,"column":6},"end":{"line":48,"column":33}},"17":{"start":{"line":49,"column":6},"end":{"line":49,"column":37}},"18":{"start":{"line":50,"column":6},"end":{"line":50,"column":31}},"19":{"start":{"line":51,"column":6},"end":{"line":51,"column":43}},"20":{"start":{"line":52,"column":6},"end":{"line":52,"column":37}},"21":{"start":{"line":53,"column":6},"end":{"line":53,"column":24}},"22":{"start":{"line":55,"column":6},"end":{"line":55,"column":59}},"23":{"start":{"line":57,"column":6},"end":{"line":59,"column":63}},"24":{"start":{"line":61,"column":6},"end":{"line":61,"column":37}},"25":{"start":{"line":69,"column":4},"end":{"line":83,"column":5}},"26":{"start":{"line":70,"column":21},"end":{"line":72,"column":8}},"27":{"start":{"line":74,"column":6},"end":{"line":76,"column":7}},"28":{"start":{"line":75,"column":8},"end":{"line":75,"column":78}},"29":{"start":{"line":78,"column":6},"end":{"line":80,"column":64}},"30":{"start":{"line":82,"column":6},"end":{"line":82,"column":37}}},"fnMap":{"0":{"name":"(anonymous_7)","decl":{"start":{"line":7,"column":8},"end":{"line":7,"column":19}},"loc":{"start":{"line":9,"column":17},"end":{"line":24,"column":null}}},"1":{"name":"(anonymous_9)","decl":{"start":{"line":26,"column":8},"end":{"line":26,"column":22}},"loc":{"start":{"line":28,"column":17},"end":{"line":63,"column":null}}},"2":{"name":"(anonymous_11)","decl":{"start":{"line":65,"column":8},"end":{"line":65,"column":22}},"loc":{"start":{"line":67,"column":17},"end":{"line":84,"column":null}}}},"branchMap":{"0":{"loc":{"start":{"line":14,"column":6},"end":{"line":18,"column":7}},"type":"if","locations":[{"start":{"line":14,"column":6},"end":{"line":18,"column":7}}]},"1":{"loc":{"start":{"line":35,"column":6},"end":{"line":37,"column":7}},"type":"if","locations":[{"start":{"line":35,"column":6},"end":{"line":37,"column":7}}]},"2":{"loc":{"start":{"line":41,"column":16},"end":{"line":41,"column":32}},"type":"cond-expr","locations":[{"start":{"line":41,"column":24},"end":{"line":41,"column":26}},{"start":{"line":41,"column":24},"end":{"line":41,"column":32}}]},"3":{"loc":{"start":{"line":41,"column":16},"end":{"line":41,"column":26}},"type":"binary-expr","locations":[{"start":{"line":41,"column":16},"end":{"line":41,"column":26}},{"start":{"line":41,"column":24},"end":{"line":41,"column":26}}]},"4":{"loc":{"start":{"line":44,"column":6},"end":{"line":46,"column":7}},"type":"if","locations":[{"start":{"line":44,"column":6},"end":{"line":46,"column":7}}]},"5":{"loc":{"start":{"line":74,"column":6},"end":{"line":76,"column":7}},"type":"if","locations":[{"start":{"line":74,"column":6},"end":{"line":76,"column":7}}]}},"s":{"0":6,"1":6,"2":6,"3":3,"4":3,"5":2,"6":1,"7":1,"8":1,"9":4,"10":4,"11":3,"12":1,"13":2,"14":2,"15":1,"16":1,"17":1,"18":1,"19":1,"20":1,"21":1,"22":1,"23":1,"24":1,"25":3,"26":3,"27":2,"28":1,"29":1,"30":1},"f":{"0":3,"1":4,"2":3},"b":{"0":[1],"1":[1],"2":[0,2],"3":[2,2],"4":[1],"5":[1]}}
,"C:\\Projs\\BrightCarbonNotes\\server\\src\\models\\index.ts": {"path":"C:\\Projs\\BrightCarbonNotes\\server\\src\\models\\index.ts","statementMap":{"0":{"start":{"line":1,"column":0},"end":{"line":1,"column":29}},"1":{"start":{"line":2,"column":0},"end":{"line":2,"column":29}},"2":{"start":{"line":3,"column":0},"end":{"line":3,"column":40}}},"fnMap":{},"branchMap":{},"s":{"0":9,"1":9,"2":9},"f":{},"b":{}}
,"C:\\Projs\\BrightCarbonNotes\\server\\src\\models\\note.model.ts": {"path":"C:\\Projs\\BrightCarbonNotes\\server\\src\\models\\note.model.ts","statementMap":{"0":{"start":{"line":1,"column":0},"end":{"line":1,"column":44}},"1":{"start":{"line":16,"column":27},"end":{"line":29,"column":null}},"2":{"start":{"line":32,"column":0},"end":{"line":36,"column":3}},"3":{"start":{"line":38,"column":13},"end":{"line":38,"column":61}}},"fnMap":{},"branchMap":{},"s":{"0":9,"1":9,"2":9,"3":9},"f":{},"b":{}}
,"C:\\Projs\\BrightCarbonNotes\\server\\src\\models\\user.model.ts": {"path":"C:\\Projs\\BrightCarbonNotes\\server\\src\\models\\user.model.ts","statementMap":{"0":{"start":{"line":1,"column":0},"end":{"line":1,"column":44}},"1":{"start":{"line":11,"column":27},"end":{"line":17,"column":null}},"2":{"start":{"line":20,"column":13},"end":{"line":20,"column":61}}},"fnMap":{},"branchMap":{},"s":{"0":9,"1":9,"2":9},"f":{},"b":{}}
,"C:\\Projs\\BrightCarbonNotes\\server\\src\\models\\version-history.model.ts": {"path":"C:\\Projs\\BrightCarbonNotes\\server\\src\\models\\version-history.model.ts","statementMap":{"0":{"start":{"line":1,"column":0},"end":{"line":1,"column":44}},"1":{"start":{"line":14,"column":37},"end":{"line":23,"column":null}},"2":{"start":{"line":26,"column":13},"end":{"line":29,"column":2}}},"fnMap":{},"branchMap":{},"s":{"0":9,"1":9,"2":9},"f":{},"b":{}}
,"C:\\Projs\\BrightCarbonNotes\\server\\src\\routes\\auth.routes.ts": {"path":"C:\\Projs\\BrightCarbonNotes\\server\\src\\routes\\auth.routes.ts","statementMap":{"0":{"start":{"line":1,"column":0},"end":{"line":1,"column":48}},"1":{"start":{"line":2,"column":0},"end":{"line":2,"column":52}},"2":{"start":{"line":4,"column":15},"end":{"line":4,"column":23}},"3":{"start":{"line":6,"column":0},"end":{"line":8,"column":3}},"4":{"start":{"line":6,"column":63},"end":{"line":8,"column":2}},"5":{"start":{"line":7,"column":2},"end":{"line":7,"column":42}},"6":{"start":{"line":10,"column":0},"end":{"line":12,"column":3}},"7":{"start":{"line":10,"column":60},"end":{"line":12,"column":2}},"8":{"start":{"line":11,"column":2},"end":{"line":11,"column":39}},"9":{"start":{"line":14,"column":13},"end":{"line":14,"column":33}}},"fnMap":{"0":{"name":"(anonymous_7)","decl":{"start":{"line":6,"column":25},"end":{"line":6,"column":32}},"loc":{"start":{"line":6,"column":63},"end":{"line":8,"column":2}}},"1":{"name":"(anonymous_8)","decl":{"start":{"line":6,"column":63},"end":{"line":6,"column":null}},"loc":{"start":{"line":6,"column":63},"end":{"line":8,"column":1}}},"2":{"name":"(anonymous_9)","decl":{"start":{"line":10,"column":22},"end":{"line":10,"column":29}},"loc":{"start":{"line":10,"column":60},"end":{"line":12,"column":2}}},"3":{"name":"(anonymous_10)","decl":{"start":{"line":10,"column":60},"end":{"line":10,"column":null}},"loc":{"start":{"line":10,"column":60},"end":{"line":12,"column":1}}}},"branchMap":{},"s":{"0":3,"1":3,"2":3,"3":3,"4":1,"5":1,"6":3,"7":1,"8":1,"9":3},"f":{"0":1,"1":1,"2":1,"3":1},"b":{}}
,"C:\\Projs\\BrightCarbonNotes\\server\\src\\routes\\index.ts": {"path":"C:\\Projs\\BrightCarbonNotes\\server\\src\\routes\\index.ts","statementMap":{"0":{"start":{"line":1,"column":0},"end":{"line":1,"column":9}},"1":{"start":{"line":1,"column":9},"end":{"line":1,"column":43}},"2":{"start":{"line":2,"column":0},"end":{"line":2,"column":9}},"3":{"start":{"line":2,"column":9},"end":{"line":2,"column":43}},"4":{"start":{"line":3,"column":0},"end":{"line":3,"column":9}},"5":{"start":{"line":3,"column":9},"end":{"line":3,"column":64}}},"fnMap":{"0":{"name":"(anonymous_0)","decl":{"start":{"line":1,"column":9},"end":{"line":1,"column":19}},"loc":{"start":{"line":1,"column":9},"end":{"line":1,"column":43}}},"1":{"name":"(anonymous_1)","decl":{"start":{"line":2,"column":9},"end":{"line":2,"column":19}},"loc":{"start":{"line":2,"column":9},"end":{"line":2,"column":43}}},"2":{"name":"(anonymous_2)","decl":{"start":{"line":3,"column":9},"end":{"line":3,"column":29}},"loc":{"start":{"line":3,"column":9},"end":{"line":3,"column":64}}}},"branchMap":{},"s":{"0":3,"1":4,"2":3,"3":4,"4":3,"5":4},"f":{"0":1,"1":1,"2":1},"b":{}}
,"C:\\Projs\\BrightCarbonNotes\\server\\src\\routes\\note.routes.ts": {"path":"C:\\Projs\\BrightCarbonNotes\\server\\src\\routes\\note.routes.ts","statementMap":{"0":{"start":{"line":1,"column":0},"end":{"line":1,"column":43}},"1":{"start":{"line":3,"column":0},"end":{"line":3,"column":48}},"2":{"start":{"line":5,"column":15},"end":{"line":5,"column":23}},"3":{"start":{"line":7,"column":0},"end":{"line":9,"column":3}},"4":{"start":{"line":7,"column":67},"end":{"line":9,"column":2}},"5":{"start":{"line":8,"column":2},"end":{"line":8,"column":45}},"6":{"start":{"line":11,"column":0},"end":{"line":13,"column":3}},"7":{"start":{"line":11,"column":70},"end":{"line":13,"column":2}},"8":{"start":{"line":12,"column":2},"end":{"line":12,"column":45}},"9":{"start":{"line":15,"column":0},"end":{"line":17,"column":3}},"10":{"start":{"line":15,"column":68},"end":{"line":17,"column":2}},"11":{"start":{"line":16,"column":2},"end":{"line":16,"column":44}},"12":{"start":{"line":19,"column":0},"end":{"line":21,"column":3}},"13":{"start":{"line":19,"column":70},"end":{"line":21,"column":2}},"14":{"start":{"line":20,"column":2},"end":{"line":20,"column":44}},"15":{"start":{"line":23,"column":0},"end":{"line":25,"column":3}},"16":{"start":{"line":23,"column":73},"end":{"line":25,"column":2}},"17":{"start":{"line":24,"column":2},"end":{"line":24,"column":44}},"18":{"start":{"line":27,"column":0},"end":{"line":29,"column":3}},"19":{"start":{"line":27,"column":78},"end":{"line":29,"column":2}},"20":{"start":{"line":28,"column":2},"end":{"line":28,"column":45}},"21":{"start":{"line":31,"column":13},"end":{"line":31,"column":33}}},"fnMap":{"0":{"name":"(anonymous_7)","decl":{"start":{"line":7,"column":16},"end":{"line":7,"column":23}},"loc":{"start":{"line":7,"column":67},"end":{"line":9,"column":2}}},"1":{"name":"(anonymous_8)","decl":{"start":{"line":7,"column":67},"end":{"line":7,"column":null}},"loc":{"start":{"line":7,"column":67},"end":{"line":9,"column":1}}},"2":{"name":"(anonymous_9)","decl":{"start":{"line":11,"column":19},"end":{"line":11,"column":26}},"loc":{"start":{"line":11,"column":70},"end":{"line":13,"column":2}}},"3":{"name":"(anonymous_10)","decl":{"start":{"line":11,"column":70},"end":{"line":11,"column":null}},"loc":{"start":{"line":11,"column":70},"end":{"line":13,"column":1}}},"4":{"name":"(anonymous_11)","decl":{"start":{"line":15,"column":17},"end":{"line":15,"column":24}},"loc":{"start":{"line":15,"column":68},"end":{"line":17,"column":2}}},"5":{"name":"(anonymous_12)","decl":{"start":{"line":15,"column":68},"end":{"line":15,"column":null}},"loc":{"start":{"line":15,"column":68},"end":{"line":17,"column":1}}},"6":{"name":"(anonymous_13)","decl":{"start":{"line":19,"column":19},"end":{"line":19,"column":26}},"loc":{"start":{"line":19,"column":70},"end":{"line":21,"column":2}}},"7":{"name":"(anonymous_14)","decl":{"start":{"line":19,"column":70},"end":{"line":19,"column":null}},"loc":{"start":{"line":19,"column":70},"end":{"line":21,"column":1}}},"8":{"name":"(anonymous_15)","decl":{"start":{"line":23,"column":22},"end":{"line":23,"column":29}},"loc":{"start":{"line":23,"column":73},"end":{"line":25,"column":2}}},"9":{"name":"(anonymous_16)","decl":{"start":{"line":23,"column":73},"end":{"line":23,"column":null}},"loc":{"start":{"line":23,"column":73},"end":{"line":25,"column":1}}},"10":{"name":"(anonymous_17)","decl":{"start":{"line":27,"column":27},"end":{"line":27,"column":34}},"loc":{"start":{"line":27,"column":78},"end":{"line":29,"column":2}}},"11":{"name":"(anonymous_18)","decl":{"start":{"line":27,"column":78},"end":{"line":27,"column":null}},"loc":{"start":{"line":27,"column":78},"end":{"line":29,"column":1}}}},"branchMap":{},"s":{"0":3,"1":3,"2":3,"3":3,"4":1,"5":1,"6":3,"7":1,"8":1,"9":3,"10":1,"11":1,"12":3,"13":1,"14":1,"15":3,"16":1,"17":1,"18":3,"19":1,"20":1,"21":3},"f":{"0":1,"1":1,"2":1,"3":1,"4":1,"5":1,"6":1,"7":1,"8":1,"9":1,"10":1,"11":1},"b":{}}
,"C:\\Projs\\BrightCarbonNotes\\server\\src\\routes\\version-history.routes.ts": {"path":"C:\\Projs\\BrightCarbonNotes\\server\\src\\routes\\version-history.routes.ts","statementMap":{"0":{"start":{"line":1,"column":0},"end":{"line":1,"column":58}},"1":{"start":{"line":2,"column":0},"end":{"line":2,"column":43}},"2":{"start":{"line":5,"column":15},"end":{"line":5,"column":23}},"3":{"start":{"line":7,"column":0},"end":{"line":9,"column":3}},"4":{"start":{"line":7,"column":74},"end":{"line":9,"column":2}},"5":{"start":{"line":8,"column":2},"end":{"line":8,"column":55}},"6":{"start":{"line":11,"column":0},"end":{"line":16,"column":2}},"7":{"start":{"line":13,"column":53},"end":{"line":15,"column":null}},"8":{"start":{"line":14,"column":4},"end":{"line":14,"column":60}},"9":{"start":{"line":18,"column":0},"end":{"line":20,"column":3}},"10":{"start":{"line":18,"column":77},"end":{"line":20,"column":2}},"11":{"start":{"line":19,"column":2},"end":{"line":19,"column":58}},"12":{"start":{"line":22,"column":13},"end":{"line":22,"column":43}}},"fnMap":{"0":{"name":"(anonymous_7)","decl":{"start":{"line":7,"column":23},"end":{"line":7,"column":30}},"loc":{"start":{"line":7,"column":74},"end":{"line":9,"column":2}}},"1":{"name":"(anonymous_8)","decl":{"start":{"line":7,"column":74},"end":{"line":7,"column":null}},"loc":{"start":{"line":7,"column":74},"end":{"line":9,"column":1}}},"2":{"name":"(anonymous_9)","decl":{"start":{"line":13,"column":2},"end":{"line":13,"column":9}},"loc":{"start":{"line":13,"column":53},"end":{"line":15,"column":null}}},"3":{"name":"(anonymous_10)","decl":{"start":{"line":13,"column":53},"end":{"line":13,"column":null}},"loc":{"start":{"line":13,"column":53},"end":{"line":15,"column":3}}},"4":{"name":"(anonymous_11)","decl":{"start":{"line":18,"column":26},"end":{"line":18,"column":33}},"loc":{"start":{"line":18,"column":77},"end":{"line":20,"column":2}}},"5":{"name":"(anonymous_12)","decl":{"start":{"line":18,"column":77},"end":{"line":18,"column":null}},"loc":{"start":{"line":18,"column":77},"end":{"line":20,"column":1}}}},"branchMap":{},"s":{"0":3,"1":3,"2":3,"3":3,"4":1,"5":1,"6":3,"7":1,"8":1,"9":3,"10":1,"11":1,"12":3},"f":{"0":1,"1":1,"2":1,"3":1,"4":1,"5":1},"b":{}}
,"C:\\Projs\\BrightCarbonNotes\\server\\src\\utils\\auth.util.ts": {"path":"C:\\Projs\\BrightCarbonNotes\\server\\src\\utils\\auth.util.ts","statementMap":{"0":{"start":{"line":2,"column":0},"end":{"line":2,"column":31}},"1":{"start":{"line":5,"column":19},"end":{"line":5,"column":62}},"2":{"start":{"line":7,"column":27},"end":{"line":29,"column":1}},"3":{"start":{"line":12,"column":16},"end":{"line":12,"column":67}},"4":{"start":{"line":13,"column":2},"end":{"line":15,"column":3}},"5":{"start":{"line":14,"column":4},"end":{"line":14,"column":79}},"6":{"start":{"line":17,"column":2},"end":{"line":28,"column":3}},"7":{"start":{"line":19,"column":20},"end":{"line":19,"column":null}},"8":{"start":{"line":23,"column":4},"end":{"line":23,"column":23}},"9":{"start":{"line":24,"column":4},"end":{"line":24,"column":11}},"10":{"start":{"line":26,"column":4},"end":{"line":26,"column":52}},"11":{"start":{"line":27,"column":4},"end":{"line":27,"column":60}},"12":{"start":{"line":7,"column":13},"end":{"line":7,"column":27}}},"fnMap":{"0":{"name":"(anonymous_1)","decl":{"start":{"line":7,"column":27},"end":{"line":7,"column":null}},"loc":{"start":{"line":11,"column":4},"end":{"line":29,"column":1}}}},"branchMap":{"0":{"loc":{"start":{"line":5,"column":19},"end":{"line":5,"column":62}},"type":"binary-expr","locations":[{"start":{"line":5,"column":19},"end":{"line":5,"column":41}},{"start":{"line":5,"column":45},"end":{"line":5,"column":62}}]},"1":{"loc":{"start":{"line":12,"column":16},"end":{"line":12,"column":67}},"type":"cond-expr","locations":[{"start":{"line":12,"column":43},"end":{"line":12,"column":45}},{"start":{"line":12,"column":43},"end":{"line":12,"column":67}}]},"2":{"loc":{"start":{"line":12,"column":16},"end":{"line":12,"column":45}},"type":"binary-expr","locations":[{"start":{"line":12,"column":16},"end":{"line":12,"column":45}},{"start":{"line":12,"column":43},"end":{"line":12,"column":45}}]},"3":{"loc":{"start":{"line":13,"column":2},"end":{"line":15,"column":3}},"type":"if","locations":[{"start":{"line":13,"column":2},"end":{"line":15,"column":3}}]}},"s":{"0":9,"1":9,"2":9,"3":0,"4":0,"5":0,"6":0,"7":0,"8":0,"9":0,"10":0,"11":0,"12":9},"f":{"0":0},"b":{"0":[9,9],"1":[0,0],"2":[0,0],"3":[0]}}
,"C:\\Projs\\BrightCarbonNotes\\server\\src\\utils\\error-handler.util.ts": {"path":"C:\\Projs\\BrightCarbonNotes\\server\\src\\utils\\error-handler.util.ts","statementMap":{"0":{"start":{"line":3,"column":27},"end":{"line":9,"column":1}},"1":{"start":{"line":4,"column":2},"end":{"line":8,"column":3}},"2":{"start":{"line":5,"column":4},"end":{"line":5,"column":51}},"3":{"start":{"line":7,"column":4},"end":{"line":7,"column":36}},"4":{"start":{"line":3,"column":13},"end":{"line":3,"column":27}}},"fnMap":{"0":{"name":"(anonymous_0)","decl":{"start":{"line":3,"column":27},"end":{"line":3,"column":28}},"loc":{"start":{"line":3,"column":67},"end":{"line":9,"column":1}}}},"branchMap":{"0":{"loc":{"start":{"line":4,"column":2},"end":{"line":8,"column":3}},"type":"if","locations":[{"start":{"line":4,"column":2},"end":{"line":8,"column":3}},{"start":{"line":6,"column":9},"end":{"line":8,"column":3}}]}},"s":{"0":9,"1":8,"2":8,"3":0,"4":9},"f":{"0":8},"b":{"0":[8,0]}}
,"C:\\Projs\\BrightCarbonNotes\\server\\src\\utils\\index.ts": {"path":"C:\\Projs\\BrightCarbonNotes\\server\\src\\utils\\index.ts","statementMap":{"0":{"start":{"line":1,"column":0},"end":{"line":1,"column":28}},"1":{"start":{"line":2,"column":0},"end":{"line":2,"column":37}}},"fnMap":{},"branchMap":{},"s":{"0":9,"1":9},"f":{},"b":{}}
}
