TN:
SF:src\app.ts
FN:26,(anonymous_1)
FN:27,(anonymous_2)
FNF:2
FNH:0
FNDA:0,(anonymous_1)
FNDA:0,(anonymous_2)
DA:1,0
DA:2,0
DA:3,0
DA:4,0
DA:5,0
DA:6,0
DA:7,0
DA:9,0
DA:10,0
DA:11,0
DA:12,0
DA:14,0
DA:16,0
DA:17,0
DA:18,0
DA:19,0
DA:20,0
DA:23,0
DA:24,0
DA:26,0
DA:27,0
DA:28,0
DA:30,0
DA:33,0
DA:39,0
DA:45,0
DA:46,0
DA:47,0
DA:49,0
LF:29
LH:0
BRDA:27,0,0,0
BRF:1
BRH:0
end_of_record
TN:
SF:src\server.ts
FN:9,(anonymous_8)
FN:9,(anonymous_9)
FN:12,(anonymous_10)
FNF:3
FNH:0
FNDA:0,(anonymous_8)
FNDA:0,(anonymous_9)
FNDA:0,(anonymous_10)
DA:1,0
DA:2,0
DA:3,0
DA:5,0
DA:7,0
DA:9,0
DA:10,0
DA:11,0
DA:12,0
DA:13,0
DA:16,0
DA:17,0
DA:21,0
LF:13
LH:0
BRDA:7,0,0,0
BRDA:7,0,1,0
BRF:2
BRH:0
end_of_record
TN:
SF:src\config\index.ts
FNF:0
FNH:0
DA:1,1
LF:1
LH:1
BRF:0
BRH:0
end_of_record
TN:
SF:src\config\mongo-connection.ts
FN:5,(anonymous_8)
FN:8,(anonymous_9)
FN:16,(anonymous_10)
FNF:3
FNH:3
FNDA:1,(anonymous_8)
FNDA:1,(anonymous_9)
FNDA:2,(anonymous_10)
DA:1,1
DA:9,1
DA:10,1
DA:12,1
DA:17,2
DA:18,2
DA:19,1
DA:20,1
DA:21,1
DA:24,0
DA:25,0
DA:30,1
LF:12
LH:10
BRDA:9,0,0,1
BRDA:18,1,0,1
BRDA:19,2,0,1
BRDA:19,2,1,0
BRF:4
BRH:3
end_of_record
TN:
SF:src\controllers\auth.controller.ts
FN:11,(anonymous_8)
FN:26,(anonymous_10)
FNF:2
FNH:2
FNDA:2,(anonymous_8)
FNDA:3,(anonymous_10)
DA:2,6
DA:3,6
DA:4,6
DA:5,6
DA:7,6
DA:8,6
DA:10,6
DA:12,2
DA:13,2
DA:15,2
DA:17,2
DA:18,2
DA:20,1
DA:22,1
DA:27,3
DA:28,3
DA:30,3
DA:31,2
DA:32,1
DA:33,1
DA:36,1
DA:37,1
DA:38,0
DA:39,0
DA:42,1
DA:50,1
DA:55,1
LF:27
LH:25
BRDA:7,0,0,6
BRDA:7,0,1,6
BRDA:31,1,0,1
BRDA:37,2,0,0
BRF:4
BRH:3
end_of_record
TN:
SF:src\controllers\index.ts
FN:1,(anonymous_0)
FN:2,(anonymous_1)
FN:3,(anonymous_2)
FNF:3
FNH:3
FNDA:32,(anonymous_0)
FNDA:11,(anonymous_1)
FNDA:19,(anonymous_2)
DA:1,38
DA:2,17
DA:3,25
LF:3
LH:3
BRF:0
BRH:0
end_of_record
TN:
SF:src\controllers\note.controller.ts
FN:7,(anonymous_7)
FN:19,(anonymous_9)
FN:43,(anonymous_11)
FN:64,(anonymous_13)
FN:106,(anonymous_15)
FN:116,(anonymous_16)
FN:139,(anonymous_18)
FNF:7
FNH:6
FNDA:2,(anonymous_7)
FNDA:2,(anonymous_9)
FNDA:2,(anonymous_11)
FNDA:3,(anonymous_13)
FNDA:0,(anonymous_15)
FNDA:2,(anonymous_16)
FNDA:3,(anonymous_18)
DA:2,6
DA:3,6
DA:6,6
DA:11,2
DA:12,2
DA:13,1
DA:15,1
DA:23,2
DA:24,2
DA:29,2
DA:30,1
DA:33,1
DA:34,0
DA:37,1
DA:39,0
DA:47,2
DA:48,2
DA:49,1
DA:51,1
DA:52,1
DA:53,0
DA:55,1
DA:56,1
DA:57,1
DA:58,1
DA:60,0
DA:68,3
DA:69,3
DA:71,2
DA:72,1
DA:75,1
DA:76,1
DA:85,1
DA:90,1
DA:97,1
DA:99,1
DA:102,1
DA:103,0
DA:106,0
DA:107,0
DA:110,1
DA:112,1
DA:120,2
DA:121,2
DA:126,2
DA:127,1
DA:130,1
DA:131,1
DA:133,1
DA:135,0
DA:143,3
DA:144,3
DA:149,2
DA:150,1
DA:153,1
DA:154,1
DA:156,1
DA:160,1
LF:58
LH:50
BRDA:12,0,0,0
BRDA:12,0,1,2
BRDA:12,1,0,2
BRDA:12,1,1,2
BRDA:26,2,0,0
BRDA:26,2,1,2
BRDA:26,3,0,2
BRDA:26,3,1,2
BRDA:29,4,0,1
BRDA:33,5,0,0
BRDA:33,6,0,0
BRDA:33,6,1,1
BRDA:33,7,0,1
BRDA:33,7,1,1
BRDA:48,8,0,1
BRDA:52,9,0,0
BRDA:71,10,0,1
BRDA:78,11,0,1
BRDA:78,11,1,0
BRDA:78,12,0,1
BRDA:78,12,1,1
BRDA:79,13,0,1
BRDA:79,13,1,0
BRDA:79,14,0,1
BRDA:79,14,1,1
BRDA:80,15,0,0
BRDA:80,15,1,1
BRDA:80,16,0,1
BRDA:80,16,1,1
BRDA:81,17,0,0
BRDA:81,17,1,1
BRDA:81,18,0,1
BRDA:81,18,1,1
BRDA:102,19,0,0
BRDA:123,20,0,0
BRDA:123,20,1,2
BRDA:123,21,0,2
BRDA:123,21,1,2
BRDA:126,22,0,1
BRDA:146,23,0,0
BRDA:146,23,1,3
BRDA:146,24,0,3
BRDA:146,24,1,3
BRDA:149,25,0,1
BRF:44
BRH:32
end_of_record
TN:
SF:src\controllers\version-history.controller.ts
FN:7,(anonymous_7)
FN:26,(anonymous_9)
FN:65,(anonymous_11)
FNF:3
FNH:3
FNDA:3,(anonymous_7)
FNDA:4,(anonymous_9)
FNDA:3,(anonymous_11)
DA:2,6
DA:3,6
DA:6,6
DA:11,3
DA:12,3
DA:14,2
DA:15,1
DA:20,1
DA:22,1
DA:30,4
DA:31,4
DA:35,3
DA:36,1
DA:39,2
DA:44,2
DA:45,1
DA:48,1
DA:49,1
DA:50,1
DA:51,1
DA:52,1
DA:53,1
DA:55,1
DA:57,1
DA:61,1
DA:69,3
DA:70,3
DA:74,2
DA:75,1
DA:78,1
DA:82,1
LF:31
LH:31
BRDA:14,0,0,1
BRDA:35,1,0,1
BRDA:41,2,0,0
BRDA:41,2,1,2
BRDA:41,3,0,2
BRDA:41,3,1,2
BRDA:44,4,0,1
BRDA:74,5,0,1
BRF:8
BRH:7
end_of_record
TN:
SF:src\models\index.ts
FNF:0
FNH:0
DA:1,9
DA:2,9
DA:3,9
LF:3
LH:3
BRF:0
BRH:0
end_of_record
TN:
SF:src\models\note.model.ts
FNF:0
FNH:0
DA:1,9
DA:16,9
DA:32,9
DA:38,9
LF:4
LH:4
BRF:0
BRH:0
end_of_record
TN:
SF:src\models\user.model.ts
FNF:0
FNH:0
DA:1,9
DA:11,9
DA:20,9
LF:3
LH:3
BRF:0
BRH:0
end_of_record
TN:
SF:src\models\version-history.model.ts
FNF:0
FNH:0
DA:1,9
DA:14,9
DA:26,9
LF:3
LH:3
BRF:0
BRH:0
end_of_record
TN:
SF:src\routes\auth.routes.ts
FN:6,(anonymous_7)
FN:6,(anonymous_8)
FN:10,(anonymous_9)
FN:10,(anonymous_10)
FNF:4
FNH:4
FNDA:1,(anonymous_7)
FNDA:1,(anonymous_8)
FNDA:1,(anonymous_9)
FNDA:1,(anonymous_10)
DA:1,3
DA:2,3
DA:4,3
DA:6,3
DA:7,1
DA:10,3
DA:11,1
DA:14,3
LF:8
LH:8
BRF:0
BRH:0
end_of_record
TN:
SF:src\routes\index.ts
FN:1,(anonymous_0)
FN:2,(anonymous_1)
FN:3,(anonymous_2)
FNF:3
FNH:3
FNDA:1,(anonymous_0)
FNDA:1,(anonymous_1)
FNDA:1,(anonymous_2)
DA:1,4
DA:2,4
DA:3,4
LF:3
LH:3
BRF:0
BRH:0
end_of_record
TN:
SF:src\routes\note.routes.ts
FN:7,(anonymous_7)
FN:7,(anonymous_8)
FN:11,(anonymous_9)
FN:11,(anonymous_10)
FN:15,(anonymous_11)
FN:15,(anonymous_12)
FN:19,(anonymous_13)
FN:19,(anonymous_14)
FN:23,(anonymous_15)
FN:23,(anonymous_16)
FN:27,(anonymous_17)
FN:27,(anonymous_18)
FNF:12
FNH:12
FNDA:1,(anonymous_7)
FNDA:1,(anonymous_8)
FNDA:1,(anonymous_9)
FNDA:1,(anonymous_10)
FNDA:1,(anonymous_11)
FNDA:1,(anonymous_12)
FNDA:1,(anonymous_13)
FNDA:1,(anonymous_14)
FNDA:1,(anonymous_15)
FNDA:1,(anonymous_16)
FNDA:1,(anonymous_17)
FNDA:1,(anonymous_18)
DA:1,3
DA:3,3
DA:5,3
DA:7,3
DA:8,1
DA:11,3
DA:12,1
DA:15,3
DA:16,1
DA:19,3
DA:20,1
DA:23,3
DA:24,1
DA:27,3
DA:28,1
DA:31,3
LF:16
LH:16
BRF:0
BRH:0
end_of_record
TN:
SF:src\routes\version-history.routes.ts
FN:7,(anonymous_7)
FN:7,(anonymous_8)
FN:13,(anonymous_9)
FN:13,(anonymous_10)
FN:18,(anonymous_11)
FN:18,(anonymous_12)
FNF:6
FNH:6
FNDA:1,(anonymous_7)
FNDA:1,(anonymous_8)
FNDA:1,(anonymous_9)
FNDA:1,(anonymous_10)
FNDA:1,(anonymous_11)
FNDA:1,(anonymous_12)
DA:1,3
DA:2,3
DA:5,3
DA:7,3
DA:8,1
DA:11,3
DA:13,1
DA:14,1
DA:18,3
DA:19,1
DA:22,3
LF:11
LH:11
BRF:0
BRH:0
end_of_record
TN:
SF:src\utils\auth.util.ts
FN:7,(anonymous_1)
FNF:1
FNH:0
FNDA:0,(anonymous_1)
DA:2,9
DA:5,9
DA:7,9
DA:12,0
DA:13,0
DA:14,0
DA:17,0
DA:19,0
DA:23,0
DA:24,0
DA:26,0
DA:27,0
LF:12
LH:3
BRDA:5,0,0,9
BRDA:5,0,1,9
BRDA:12,1,0,0
BRDA:12,1,1,0
BRDA:12,2,0,0
BRDA:12,2,1,0
BRDA:13,3,0,0
BRF:7
BRH:2
end_of_record
TN:
SF:src\utils\error-handler.util.ts
FN:3,(anonymous_0)
FNF:1
FNH:1
FNDA:8,(anonymous_0)
DA:3,9
DA:4,8
DA:5,8
DA:7,0
LF:4
LH:3
BRDA:4,0,0,8
BRDA:4,0,1,0
BRF:2
BRH:1
end_of_record
TN:
SF:src\utils\index.ts
FNF:0
FNH:0
DA:1,9
DA:2,9
LF:2
LH:2
BRF:0
BRH:0
end_of_record
